Device: cuda
Loading CHGNet relaxation cache...
Selected 10 structures (lowest E_hull in near-stable range)
   1. idx= 368  CHGNet E_hull=53.3 meV/at  formula=Mg2MnO4  natoms=7
   2. idx= 314  CHGNet E_hull=53.4 meV/at  formula=Mg2MnO4  natoms=7
   3. idx= 316  CHGNet E_hull=53.7 meV/at  formula=Mg2MnO4  natoms=7
   4. idx= 372  CHGNet E_hull=53.9 meV/at  formula=Mg2MnO4  natoms=7
   5. idx= 308  CHGNet E_hull=54.0 meV/at  formula=Mg2MnO4  natoms=7
   6. idx= 352  CHGNet E_hull=54.1 meV/at  formula=Mg2MnO4  natoms=7
   7. idx= 373  CHGNet E_hull=54.4 meV/at  formula=Mg2MnO4  natoms=7
   8. idx= 302  CHGNet E_hull=54.7 meV/at  formula=Mg2MnO4  natoms=7
   9. idx=  49  CHGNet E_hull=79.0 meV/at  formula=MgMnO3  natoms=5
  10. idx= 311  CHGNet E_hull=90.0 meV/at  formula=Mg2MnO4  natoms=7

Building CHGNet-consistent Mg-Mn-O hull...
CHGNet v0.3.0 initialized with 412,525 parameters
CHGNet will run on cuda
Retrieving ThermoDoc documents:   0%|          | 0/250 [00:00<?, ?it/s]Retrieving ThermoDoc documents: 100%|##########| 250/250 [00:00<?, ?it/s]
  CHGNet hull: 13 refs
Building MACE-MP-0 Mg-Mn-O hull...
cuequivariance or cuequivariance_torch is not available. Cuequivariance acceleration will be disabled.
Using Materials Project MACE for MACECalculator with C:\Users\Adminb\.cache\mace/20231203mace128L1_epoch199model
Using float64 for MACECalculator, which is slower but more accurate. Recommended for geometry optimization.
  MACE hull: 13 refs

Relaxing top-10 quantum structures with MACE-MP-0...

  [1/10] idx=368  formula=Mg2MnO4  CHGNet E_hull=53.3 meV/at
    MACE E/atom=-6.4601 eV  E_hull=51.0 meV/at
    Saved CIF: rank01_idx368_Mg2MnO4.cif

  [2/10] idx=314  formula=Mg2MnO4  CHGNet E_hull=53.4 meV/at
    MACE E/atom=-6.4601 eV  E_hull=51.0 meV/at
    Saved CIF: rank02_idx314_Mg2MnO4.cif

  [3/10] idx=316  formula=Mg2MnO4  CHGNet E_hull=53.7 meV/at
    MACE E/atom=-6.4601 eV  E_hull=51.0 meV/at
    Saved CIF: rank03_idx316_Mg2MnO4.cif

  [4/10] idx=372  formula=Mg2MnO4  CHGNet E_hull=53.9 meV/at
    MACE E/atom=-6.4601 eV  E_hull=51.0 meV/at
    Saved CIF: rank04_idx372_Mg2MnO4.cif

  [5/10] idx=308  formula=Mg2MnO4  CHGNet E_hull=54.0 meV/at
    MACE E/atom=-6.4601 eV  E_hull=51.0 meV/at
    Saved CIF: rank05_idx308_Mg2MnO4.cif

  [6/10] idx=352  formula=Mg2MnO4  CHGNet E_hull=54.1 meV/at
    MACE E/atom=-6.4601 eV  E_hull=51.0 meV/at
    Saved CIF: rank06_idx352_Mg2MnO4.cif

  [7/10] idx=373  formula=Mg2MnO4  CHGNet E_hull=54.4 meV/at
    MACE E/atom=-6.4601 eV  E_hull=51.0 meV/at
    Saved CIF: rank07_idx373_Mg2MnO4.cif

  [8/10] idx=302  formula=Mg2MnO4  CHGNet E_hull=54.7 meV/at
    MACE E/atom=-6.4601 eV  E_hull=51.0 meV/at
    Saved CIF: rank08_idx302_Mg2MnO4.cif

  [9/10] idx=49  formula=MgMnO3  CHGNet E_hull=79.0 meV/at
    MACE E/atom=-6.6325 eV  E_hull=68.9 meV/at
    Saved CIF: rank09_idx49_MgMnO3.cif

  [10/10] idx=311  formula=Mg2MnO4  CHGNet E_hull=90.0 meV/at
    MACE E/atom=-6.4024 eV  E_hull=108.7 meV/at
    Saved CIF: rank10_idx311_Mg2MnO4.cif

Saved JSON: C:\Users\Adminb\OneDrive\Documents\Projects\qgan\QINR-QGAN\QGAN-QIREN-2024-MNIST\results_analysis\dft_mace\mace_results.json

======================================================================
  MACE-MP-0 Cross-Validation  —  Top-10 Quantum v4 Near-Stable
  Second ML potential trained on Materials Project DFT (150k structures)
======================================================================
  Rank  Formula               N        CHGNet     MACE-MP-0  Agreement
  ----- ------------------ ----  ------------  ------------  ----------
  1     Mg2MnO4               7   53.3 meV/at   51.0 meV/at  stable
  2     Mg2MnO4               7   53.4 meV/at   51.0 meV/at  stable
  3     Mg2MnO4               7   53.7 meV/at   51.0 meV/at  stable
  4     Mg2MnO4               7   53.9 meV/at   51.0 meV/at  stable
  5     Mg2MnO4               7   54.0 meV/at   51.0 meV/at  stable
  6     Mg2MnO4               7   54.1 meV/at   51.0 meV/at  stable
  7     Mg2MnO4               7   54.4 meV/at   51.0 meV/at  stable
  8     Mg2MnO4               7   54.7 meV/at   51.0 meV/at  stable
  9     MgMnO3                5   79.0 meV/at   68.9 meV/at  stable
  10    Mg2MnO4               7   90.0 meV/at  108.7 meV/at  near-stable
======================================================================
Saved scatter plot: C:\Users\Adminb\OneDrive\Documents\Projects\qgan\QINR-QGAN\QGAN-QIREN-2024-MNIST\results_analysis\dft_mace\chgnet_vs_mace_scatter.png

Done.
