[Setup] Device: cuda
[Setup] Output dir: C:\Users\Adminb\OneDrive\Documents\Projects\qgan\QINR-QGAN\QGAN-QIREN-2024-MNIST\results_analysis

######################################################################
  QGAN vs Classical-fair Crystal Generation Analysis
######################################################################

============================================================
[1] Plotting training loss curves
============================================================
  Saved: C:\Users\Adminb\OneDrive\Documents\Projects\qgan\QINR-QGAN\QGAN-QIREN-2024-MNIST\results_analysis\training_loss_curves.png

============================================================
[2] Loading dataset
============================================================
  Dataset: 10400 samples, crystal shape (10400, 30, 3), label shape (10400, 28)
[2] Loading Quantum v4 model ...
  Quantum generator loaded.
[2] Loading Classical-fair model ...
  Classical generator loaded.

============================================================
[3] Generating 4800 crystals from each model
============================================================
  Generating quantum ...
  Quantum done: (4800, 90)
  Generating classical ...
  Classical done: (4800, 90)

============================================================
[4] MIC validity screening
============================================================
  Computing MIC distances for Quantum (4800 structures) ...
    Quantum: 500/4800
    Quantum: 1000/4800
    Quantum: 1500/4800
    Quantum: 2000/4800
    Quantum: 2500/4800
    Quantum: 3000/4800
    Quantum: 3500/4800
    Quantum: 4000/4800
    Quantum: 4500/4800
  Computing MIC distances for Classical (4800 structures) ...
    Classical: 500/4800
    Classical: 1000/4800
    Classical: 1500/4800
    Classical: 2000/4800
    Classical: 2500/4800
    Classical: 3000/4800
    Classical: 3500/4800
    Classical: 4000/4800
    Classical: 4500/4800
[Plot] MIC distance histogram ...
  Saved: C:\Users\Adminb\OneDrive\Documents\Projects\qgan\QINR-QGAN\QGAN-QIREN-2024-MNIST\results_analysis\mic_distances.png

============================================================
[5] CHGNet relaxation + E_hull
============================================================
  Cache found at C:\Users\Adminb\OneDrive\Documents\Projects\qgan\QINR-QGAN\QGAN-QIREN-2024-MNIST\results_analysis\relaxed_structures.pkl. Loading and skipping re-relaxation.

============================================================
[6] Computing SSIM
============================================================
  SSIM: quantum ...
  SSIM: classical ...
  SSIM: random baseline ...
  Saved: C:\Users\Adminb\OneDrive\Documents\Projects\qgan\QINR-QGAN\QGAN-QIREN-2024-MNIST\results_analysis\ssim_comparison.png

============================================================
[7] Generating VASP inputs
============================================================
  Writing VASP inputs for Quantum near-stable: 264 structures ...
  Writing VASP inputs for Quantum metastable: 7 structures ...
  Writing VASP inputs for Classical near-stable: 22 structures ...
  Writing VASP inputs for Classical metastable: 5 structures ...
  Q near-stable: 264, Q metastable: 7
  C near-stable: 22, C metastable: 5

============================================================
[8] Generating comparison plots
============================================================

[Plot] Comparison bar chart ...
  Saved: C:\Users\Adminb\OneDrive\Documents\Projects\qgan\QINR-QGAN\QGAN-QIREN-2024-MNIST\results_analysis\comparison_metrics.png
[Plot] E_hull distribution ...
  Saved: C:\Users\Adminb\OneDrive\Documents\Projects\qgan\QINR-QGAN\QGAN-QIREN-2024-MNIST\results_analysis\ehull_distribution.png
[Plot] Phase diagram ...
  PDPlotter unavailable (No module named 'pymatgen.analysis.plotting'). Falling back to 2D scatter.
  Saved: C:\Users\Adminb\OneDrive\Documents\Projects\qgan\QINR-QGAN\QGAN-QIREN-2024-MNIST\results_analysis\phase_diagram.png

============================================================
[9] FINAL SUMMARY TABLE
============================================================

  Quantum v4:
    MIC valid:   284/4800 (5.92%)
    Stable:      14/4800 (0.292%)
    Near-stable: 264/4800 (5.500%)
    Metastable:  7/4800 (0.146%)
    E_hull mean: 0.2470 eV/at, median: 0.2003 eV/at

  Classical-fair:
    MIC valid:   40/4800 (0.83%)
    Stable:      3/4800 (0.062%)
    Near-stable: 22/4800 (0.458%)
    Metastable:  5/4800 (0.104%)
    E_hull mean: 0.4105 eV/at, median: 0.2381 eV/at

============================================================

[Done] All outputs written to: C:\Users\Adminb\OneDrive\Documents\Projects\qgan\QINR-QGAN\QGAN-QIREN-2024-MNIST\results_analysis
